<?xml version="1.0" encoding="UTF-8" ?>
<testsuite tests="1" failures="1" name="com.dao.test.JUnitTestProcessAnimal" time="0.112" errors="0" skipped="0">
  <properties>
[...]
</properties>
  <testcase classname="com.dao.test.JUnitTestProcessAnimal" name="testJUnitCalculMoyenneEcartTypePoidsAnimaux" time="0.016">
    <failure type="java.lang.AssertionError">java.lang.AssertionError
	at org.junit.Assert.fail(Assert.java:92)
	at org.junit.Assert.assertTrue(Assert.java:43)
	at org.junit.Assert.assertTrue(Assert.java:54)
	at com.dao.test.JUnitTestProcessAnimal.testJUnitCalculMoyenneEcartTypePoidsAnimaux(JUnitTestProcessAnimal.java:53)
	at sun.reflect.NativeMethodAccessorImpl.invoke0(Native Method)
	at sun.reflect.NativeMethodAccessorImpl.invoke(NativeMethodAccessorImpl.java:62)
	at sun.reflect.DelegatingMethodAccessorImpl.invoke(DelegatingMethodAccessorImpl.java:43)
	at java.lang.reflect.Method.invoke(Method.java:498)
	at org.junit.runners.model.FrameworkMethod$1.runReflectiveCall(FrameworkMethod.java:45)
	at org.junit.internal.runners.model.ReflectiveCallable.run(ReflectiveCallable.java:15)
	at org.junit.runners.model.FrameworkMethod.invokeExplosively(FrameworkMethod.java:42)
	at org.junit.internal.runners.statements.InvokeMethod.evaluate(InvokeMethod.java:20)
	at org.junit.runners.ParentRunner.runLeaf(ParentRunner.java:263)
	at org.junit.runners.BlockJUnit4ClassRunner.runChild(BlockJUnit4ClassRunner.java:68)
	at org.junit.runners.BlockJUnit4ClassRunner.runChild(BlockJUnit4ClassRunner.java:47)
	at org.junit.runners.ParentRunner$3.run(ParentRunner.java:231)
	at org.junit.runners.ParentRunner$1.schedule(ParentRunner.java:60)
	at org.junit.runners.ParentRunner.runChildren(ParentRunner.java:229)
	at org.junit.runners.ParentRunner.access$000(ParentRunner.java:50)
	at org.junit.runners.ParentRunner$2.evaluate(ParentRunner.java:222)
	at org.junit.internal.runners.statements.RunBefores.evaluate(RunBefores.java:28)
	at org.junit.internal.runners.statements.RunAfters.evaluate(RunAfters.java:30)
	at org.junit.runners.ParentRunner.run(ParentRunner.java:300)
	at org.apache.maven.surefire.junit4.JUnit4TestSet.execute(JUnit4TestSet.java:53)
	at org.apache.maven.surefire.junit4.JUnit4Provider.executeTestSet(JUnit4Provider.java:123)
	at org.apache.maven.surefire.junit4.JUnit4Provider.invoke(JUnit4Provider.java:104)
	at sun.reflect.NativeMethodAccessorImpl.invoke0(Native Method)
	at sun.reflect.NativeMethodAccessorImpl.invoke(NativeMethodAccessorImpl.java:62)
	at sun.reflect.DelegatingMethodAccessorImpl.invoke(DelegatingMethodAccessorImpl.java:43)
	at java.lang.reflect.Method.invoke(Method.java:498)
	at org.apache.maven.surefire.util.ReflectionUtils.invokeMethodWithArray(ReflectionUtils.java:164)
	at org.apache.maven.surefire.booter.ProviderFactory$ProviderProxy.invoke(ProviderFactory.java:110)
	at org.apache.maven.surefire.booter.SurefireStarter.invokeProvider(SurefireStarter.java:175)
	at org.apache.maven.surefire.booter.SurefireStarter.runSuitesInProcessWhenForked(SurefireStarter.java:107)
	at org.apache.maven.surefire.booter.ForkedBooter.main(ForkedBooter.java:68)
</failure>
    <system-out>[12/01/2019 17:12:00 DEBUG JUnitTestProcessAnimal.init] Entree de la methode
[12/01/2019 17:12:00 DEBUG JUnitTestProcessAnimal.testJUnitLoadAnimalsManually] Entree de la methode
[12/01/2019 17:12:00 DEBUG JUnitTestProcessAnimal.testJUnitLoadAnimalsManually] Sortie de la methode
[12/01/2019 17:12:00 DEBUG JUnitTestProcessAnimal.testJUnitLoadAnimalsFile] Entree de la methode
11
Giraffe
175
23/12/2013
Maron et Noir
 4
 false


2
Elephant
 700
 23/12/1978
 Noir
 4
 true


3
Tigre
 150
 23/12/1998
Blanc
 4
 true


1
Lion
 200
 23/12/1988
 Maron
 4
 true


4
Requin
 10
23/12/1978
Blanc
0
true


10
Singe
25
23/12/2004
Noir
4
false


5
Chat
 5
23/12/2000
Noir
4
true


6
Mouton
25
23/12/2001
Blanc
4
false


7
Chevre
35
23/12/2012
Noir
4
false


8
Poule
1
23/12/2009
Maron
2
false


9
Porc
20
23/12/2003
Blanche
 4
 true


[12/01/2019 17:12:00 DEBUG JUnitTestProcessAnimal.testJUnitLoadAnimalsFile] Sortie de la methode
[12/01/2019 17:12:00 DEBUG JUnitTestProcessAnimal.init] Sortie de la methode
[12/01/2019 17:12:00 DEBUG JUnitTestProcessAnimal.testJUnitCalculMoyenneEcartTypePoidsAnimaux] Entree de la methode
11
Giraffe
175
23/12/2013
Maron et Noir
 4
 false


2
Elephant
 700
 23/12/1978
 Noir
 4
 true


3
Tigre
 150
 23/12/1998
Blanc
 4
 true


1
Lion
 200
 23/12/1988
 Maron
 4
 true


4
Requin
 10
23/12/1978
Blanc
0
true


10
Singe
25
23/12/2004
Noir
4
false


5
Chat
 5
23/12/2000
Noir
4
true


6
Mouton
25
23/12/2001
Blanc
4
false


7
Chevre
35
23/12/2012
Noir
4
false


8
Poule
1
23/12/2009
Maron
2
false


9
Porc
20
23/12/2003
Blanche
 4
 true


[12/01/2019 17:12:00 DEBUG JUnitTestProcessAnimal.testJUnitCalculMoyenneEcartTypePoidsAnimaux] calculMoyennePoidsAnimaux : 122.36363636363636
11
Giraffe
175
23/12/2013
Maron et Noir
 4
 false


2
Elephant
 700
 23/12/1978
 Noir
 4
 true


3
Tigre
 150
 23/12/1998
Blanc
 4
 true


1
Lion
 200
 23/12/1988
 Maron
 4
 true


4
Requin
 10
23/12/1978
Blanc
0
true


10
Singe
25
23/12/2004
Noir
4
false


5
Chat
 5
23/12/2000
Noir
4
true


6
Mouton
25
23/12/2001
Blanc
4
false


7
Chevre
35
23/12/2012
Noir
4
false


8
Poule
1
23/12/2009
Maron
2
false


9
Porc
20
23/12/2003
Blanche
 4
 true


11
Giraffe
175
23/12/2013
Maron et Noir
 4
 false


2
Elephant
 700
 23/12/1978
 Noir
 4
 true


3
Tigre
 150
 23/12/1998
Blanc
 4
 true


1
Lion
 200
 23/12/1988
 Maron
 4
 true


4
Requin
 10
23/12/1978
Blanc
0
true


10
Singe
25
23/12/2004
Noir
4
false


5
Chat
 5
23/12/2000
Noir
4
true


6
Mouton
25
23/12/2001
Blanc
4
false


7
Chevre
35
23/12/2012
Noir
4
false


8
Poule
1
23/12/2009
Maron
2
false


9
Porc
20
23/12/2003
Blanche
 4
 true


[12/01/2019 17:12:00 DEBUG JUnitTestProcessAnimal.testJUnitCalculMoyenneEcartTypePoidsAnimaux] calculEcartTypePoidsAnimaux : 226.01274982929493
11
Giraffe
175
23/12/2013
Maron et Noir
 4
 false


2
Elephant
 700
 23/12/1978
 Noir
 4
 true


3
Tigre
 150
 23/12/1998
Blanc
 4
 true


1
Lion
 200
 23/12/1988
 Maron
 4
 true


4
Requin
 10
23/12/1978
Blanc
0
true


10
Singe
25
23/12/2004
Noir
4
false


5
Chat
 5
23/12/2000
Noir
4
true


6
Mouton
25
23/12/2001
Blanc
4
false


7
Chevre
35
23/12/2012
Noir
4
false


8
Poule
1
23/12/2009
Maron
2
false


9
Porc
20
23/12/2003
Blanche
 4
 true


[12/01/2019 17:12:00 DEBUG JUnitTestProcessAnimal.testJUnitCalculMoyenneEcartTypePoidsAnimaux] difference moyenne : 3.6363636354508344E-5
11
Giraffe
175
23/12/2013
Maron et Noir
 4
 false


2
Elephant
 700
 23/12/1978
 Noir
 4
 true


3
Tigre
 150
 23/12/1998
Blanc
 4
 true


1
Lion
 200
 23/12/1988
 Maron
 4
 true


4
Requin
 10
23/12/1978
Blanc
0
true


10
Singe
25
23/12/2004
Noir
4
false


5
Chat
 5
23/12/2000
Noir
4
true


6
Mouton
25
23/12/2001
Blanc
4
false


7
Chevre
35
23/12/2012
Noir
4
false


8
Poule
1
23/12/2009
Maron
2
false


9
Porc
20
23/12/2003
Blanche
 4
 true


11
Giraffe
175
23/12/2013
Maron et Noir
 4
 false


2
Elephant
 700
 23/12/1978
 Noir
 4
 true


3
Tigre
 150
 23/12/1998
Blanc
 4
 true


1
Lion
 200
 23/12/1988
 Maron
 4
 true


4
Requin
 10
23/12/1978
Blanc
0
true


10
Singe
25
23/12/2004
Noir
4
false


5
Chat
 5
23/12/2000
Noir
4
true


6
Mouton
25
23/12/2001
Blanc
4
false


7
Chevre
35
23/12/2012
Noir
4
false


8
Poule
1
23/12/2009
Maron
2
false


9
Porc
20
23/12/2003
Blanche
 4
 true


[12/01/2019 17:12:00 DEBUG JUnitTestProcessAnimal.testJUnitCalculMoyenneEcartTypePoidsAnimaux] difference ecartType : 15.682868725968035
11
Giraffe
175
23/12/2013
Maron et Noir
 4
 false


2
Elephant
 700
 23/12/1978
 Noir
 4
 true


3
Tigre
 150
 23/12/1998
Blanc
 4
 true


1
Lion
 200
 23/12/1988
 Maron
 4
 true


4
Requin
 10
23/12/1978
Blanc
0
true


10
Singe
25
23/12/2004
Noir
4
false


5
Chat
 5
23/12/2000
Noir
4
true


6
Mouton
25
23/12/2001
Blanc
4
false


7
Chevre
35
23/12/2012
Noir
4
false


8
Poule
1
23/12/2009
Maron
2
false


9
Porc
20
23/12/2003
Blanche
 4
 true


11
Giraffe
175
23/12/2013
Maron et Noir
 4
 false


2
Elephant
 700
 23/12/1978
 Noir
 4
 true


3
Tigre
 150
 23/12/1998
Blanc
 4
 true


1
Lion
 200
 23/12/1988
 Maron
 4
 true


4
Requin
 10
23/12/1978
Blanc
0
true


10
Singe
25
23/12/2004
Noir
4
false


5
Chat
 5
23/12/2000
Noir
4
true


6
Mouton
25
23/12/2001
Blanc
4
false


7
Chevre
35
23/12/2012
Noir
4
false


8
Poule
1
23/12/2009
Maron
2
false


9
Porc
20
23/12/2003
Blanche
 4
 true


11
Giraffe
175
23/12/2013
Maron et Noir
 4
 false


2
Elephant
 700
 23/12/1978
 Noir
 4
 true


3
Tigre
 150
 23/12/1998
Blanc
 4
 true


1
Lion
 200
 23/12/1988
 Maron
 4
 true


4
Requin
 10
23/12/1978
Blanc
0
true


10
Singe
25
23/12/2004
Noir
4
false


5
Chat
 5
23/12/2000
Noir
4
true


6
Mouton
25
23/12/2001
Blanc
4
false


7
Chevre
35
23/12/2012
Noir
4
false


8
Poule
1
23/12/2009
Maron
2
false


9
Porc
20
23/12/2003
Blanche
 4
 true


</system-out>
  </testcase>
</testsuite>